<?xml version="1.0" encoding="UTF-8"?>
<testsuite xmlns:xsi="http://www.w3.org/2001/XMLSchema-instance" xsi:noNamespaceSchemaLocation="https://maven.apache.org/surefire/maven-surefire-plugin/xsd/surefire-test-report-3.0.xsd" version="3.0" name="com.projetsdial.AppTest" time="0.046" tests="1" errors="0" skipped="0" failures="0">
  <properties>
    <property name="java.specification.version" value="21"/>
    <property name="sun.jnu.encoding" value="UTF-8"/>
    <property name="java.class.path" value="/home/hotpantz/Documents/projet-sdial2025/target/test-classes:/home/hotpantz/Documents/projet-sdial2025/target/classes:/home/hotpantz/.m2/repository/org/openjfx/javafx-controls/21/javafx-controls-21.jar:/home/hotpantz/.m2/repository/org/openjfx/javafx-controls/21/javafx-controls-21-linux.jar:/home/hotpantz/.m2/repository/org/openjfx/javafx-graphics/21/javafx-graphics-21.jar:/home/hotpantz/.m2/repository/org/openjfx/javafx-graphics/21/javafx-graphics-21-linux.jar:/home/hotpantz/.m2/repository/org/openjfx/javafx-base/21/javafx-base-21.jar:/home/hotpantz/.m2/repository/org/openjfx/javafx-base/21/javafx-base-21-linux.jar:/home/hotpantz/.m2/repository/org/openjfx/javafx-fxml/21/javafx-fxml-21.jar:/home/hotpantz/.m2/repository/org/openjfx/javafx-fxml/21/javafx-fxml-21-linux.jar:/home/hotpantz/.m2/repository/junit/junit/3.8.1/junit-3.8.1.jar:"/>
    <property name="java.vm.vendor" value="Arch Linux"/>
    <property name="sun.arch.data.model" value="64"/>
    <property name="java.vendor.url" value="https://openjdk.org/"/>
    <property name="os.name" value="Linux"/>
    <property name="java.vm.specification.version" value="21"/>
    <property name="sun.java.launcher" value="SUN_STANDARD"/>
    <property name="user.country" value="US"/>
    <property name="sun.boot.library.path" value="/usr/lib/jvm/java-21-openjdk/lib"/>
    <property name="sun.java.command" value="/home/hotpantz/Documents/projet-sdial2025/target/surefire/surefirebooter-20241004155330444_3.jar /home/hotpantz/Documents/projet-sdial2025/target/surefire 2024-10-04T15-53-30_305-jvmRun1 surefire-20241004155330444_1tmp surefire_0-20241004155330444_2tmp"/>
    <property name="jdk.debug" value="release"/>
    <property name="surefire.test.class.path" value="/home/hotpantz/Documents/projet-sdial2025/target/test-classes:/home/hotpantz/Documents/projet-sdial2025/target/classes:/home/hotpantz/.m2/repository/org/openjfx/javafx-controls/21/javafx-controls-21.jar:/home/hotpantz/.m2/repository/org/openjfx/javafx-controls/21/javafx-controls-21-linux.jar:/home/hotpantz/.m2/repository/org/openjfx/javafx-graphics/21/javafx-graphics-21.jar:/home/hotpantz/.m2/repository/org/openjfx/javafx-graphics/21/javafx-graphics-21-linux.jar:/home/hotpantz/.m2/repository/org/openjfx/javafx-base/21/javafx-base-21.jar:/home/hotpantz/.m2/repository/org/openjfx/javafx-base/21/javafx-base-21-linux.jar:/home/hotpantz/.m2/repository/org/openjfx/javafx-fxml/21/javafx-fxml-21.jar:/home/hotpantz/.m2/repository/org/openjfx/javafx-fxml/21/javafx-fxml-21-linux.jar:/home/hotpantz/.m2/repository/junit/junit/3.8.1/junit-3.8.1.jar:"/>
    <property name="sun.cpu.endian" value="little"/>
    <property name="user.home" value="/home/hotpantz"/>
    <property name="user.language" value="en"/>
    <property name="java.specification.vendor" value="Oracle Corporation"/>
    <property name="java.version.date" value="2024-07-16"/>
    <property name="java.home" value="/usr/lib/jvm/java-21-openjdk"/>
    <property name="file.separator" value="/"/>
    <property name="basedir" value="/home/hotpantz/Documents/projet-sdial2025"/>
    <property name="java.vm.compressedOopsMode" value="32-bit"/>
    <property name="line.separator" value="&#10;"/>
    <property name="java.specification.name" value="Java Platform API Specification"/>
    <property name="java.vm.specification.vendor" value="Oracle Corporation"/>
    <property name="surefire.real.class.path" value="/home/hotpantz/Documents/projet-sdial2025/target/surefire/surefirebooter-20241004155330444_3.jar"/>
    <property name="sun.management.compiler" value="HotSpot 64-Bit Tiered Compilers"/>
    <property name="java.runtime.version" value="21.0.4+7"/>
    <property name="user.name" value="hotpantz"/>
    <property name="stdout.encoding" value="UTF-8"/>
    <property name="path.separator" value=":"/>
    <property name="os.version" value="6.10.10-arch1-1"/>
    <property name="java.runtime.name" value="OpenJDK Runtime Environment"/>
    <property name="file.encoding" value="UTF-8"/>
    <property name="java.vm.name" value="OpenJDK 64-Bit Server VM"/>
    <property name="localRepository" value="/home/hotpantz/.m2/repository"/>
    <property name="java.vendor.url.bug" value="https://bugreport.java.com/bugreport/"/>
    <property name="java.io.tmpdir" value="/tmp"/>
    <property name="java.version" value="21.0.4"/>
    <property name="user.dir" value="/home/hotpantz/Documents/projet-sdial2025"/>
    <property name="os.arch" value="amd64"/>
    <property name="java.vm.specification.name" value="Java Virtual Machine Specification"/>
    <property name="native.encoding" value="UTF-8"/>
    <property name="java.library.path" value="/usr/java/packages/lib:/usr/lib64:/lib64:/lib:/usr/lib"/>
    <property name="java.vm.info" value="mixed mode, sharing"/>
    <property name="stderr.encoding" value="UTF-8"/>
    <property name="java.vendor" value="Arch Linux"/>
    <property name="java.vm.version" value="21.0.4+7"/>
    <property name="sun.io.unicode.encoding" value="UnicodeLittle"/>
    <property name="java.class.version" value="65.0"/>
  </properties>
  <testcase name="testApp" classname="com.projetsdial.AppTest" time="0.012"/>
</testsuite>